[Fri Jun  5 12:31:08.000 2009] 0.001 sec [scan/2/rel 3 (0,20)] [*] 
[Fri Jun  5 12:31:23.369 2009] 0.001 sec [all/2/rel 3 (0,20)] [*] dziala
[Fri Jun  5 12:32:55.137 2009] 0.001 sec [all/2/rel 0 (0,20)] [*] 3
[Fri Jun  5 12:33:01.382 2009] 0.000 sec [all/2/rel 3 (0,20)] [*] dziala
[Fri Jun  5 12:33:06.186 2009] 0.001 sec [all/2/rel 2 (0,20)] [*] chyba3
[Fri Jun  5 12:33:18.475 2009] 0.001 sec [scan/2/rel 3 (0,20)] [*] 
[Fri Jun  5 12:33:56.904 2009] 0.000 sec [all/2/rel 0 (0,20)] [*] dzia
[Fri Jun  5 12:34:10.085 2009] 0.000 sec [all/2/rel 3 (0,20)] [*] dziala
[Fri Jun  5 12:34:25.843 2009] 0.001 sec [all/2/rel 2 (0,20)] [*] chyba3
[Fri Jun  5 12:40:49.396 2009] 0.000 sec [scan/2/rel 3 (0,20)] [*] 
[Fri Jun  5 12:40:56.236 2009] 0.001 sec [all/2/rel 3 (0,20)] [*] dziala
[Fri Jun  5 12:41:02.996 2009] 0.000 sec [all/2/rel 2 (0,20)] [*] chyba3
[Fri Jun  5 12:41:06.948 2009] 0.000 sec [all/2/rel 1 (0,20)] [*] chyba
[Fri Jun  5 12:41:58.010 2009] 0.000 sec [scan/2/rel 3 (0,20)] [*] 
[Fri Jun  5 12:42:01.648 2009] 0.000 sec [all/2/rel 0 (0,20)] [*] dziala3
[Fri Jun  5 12:42:09.479 2009] 0.000 sec [all/2/rel 0 (0,20)] [*] dziala3
[Fri Jun  5 12:42:12.273 2009] 0.001 sec [all/2/rel 3 (0,20)] [*] dziala
[Fri Jun  5 12:42:19.622 2009] 0.001 sec [all/2/rel 1 (0,20)] [*] chyba
[Fri Jun  5 12:46:57.396 2009] 0.001 sec [all/2/rel 0 (0,20)] [*] cx
[Fri Jun  5 12:47:01.256 2009] 0.001 sec [all/2/rel 3 (0,20)] [*] dziala
[Fri Jun  5 13:35:56.451 2009] 0.000 sec [all/2/rel 3 (0,20)] [*] dziala
[Fri Jun  5 13:36:05.319 2009] 0.000 sec [all/2/rel 3 (0,20)] [*] dziala
[Fri Jun  5 13:36:14.802 2009] 0.000 sec [all/2/rel 3 (0,20)] [*] dziala
[Fri Jun  5 13:37:26.233 2009] 0.000 sec [all/2/rel 3 (0,20)] [*] dziala
[Fri Jun  5 13:37:35.601 2009] 0.000 sec [all/2/rel 0 (0,20)] [*] 3
[Fri Jun  5 13:37:43.967 2009] 0.000 sec [all/2/rel 3 (0,20)] [*] dziala
[Fri Jun  5 13:39:27.949 2009] 0.001 sec [all/2/rel 3 (0,20)] [*] dziala
[Fri Jun  5 13:39:34.716 2009] 0.000 sec [all/2/rel 3 (0,2)] [*] dziala
[Fri Jun  5 13:43:09.504 2009] 0.034 sec [all/2/rel 3 (0,2)] [*] dziala
[Fri Jun  5 13:43:25.945 2009] 0.001 sec [all/2/rel 3 (0,2)] [*] dziala
[Fri Jun  5 13:44:48.309 2009] 0.000 sec [all/2/rel 3 (0,2)] [*] dziala
[Fri Jun  5 13:44:53.761 2009] 0.000 sec [scan/2/rel 3 (0,2)] [*] 
[Fri Jun  5 13:46:10.023 2009] 0.000 sec [scan/2/rel 3 (0,2)] [*] 
[Fri Jun  5 13:46:29.853 2009] 0.000 sec [all/2/rel 3 (0,2)] [*] dziala
[Fri Jun  5 13:46:57.382 2009] 0.001 sec [all/2/rel 3 (0,2)] [*] dziala
[Fri Jun  5 13:53:31.457 2009] 0.000 sec [all/2/rel 3 (0,2)] [*] dziala
[Fri Jun  5 13:53:37.298 2009] 0.000 sec [all/2/rel 3 (0,2)] [*] dziala
[Fri Jun  5 13:53:48.340 2009] 0.001 sec [all/2/rel 3 (0,2)] [*] dziala
[Fri Jun  5 13:53:51.519 2009] 0.000 sec [all/2/rel 3 (2,2)] [*] dziala
[Fri Jun  5 13:53:53.333 2009] 0.000 sec [all/2/rel 3 (0,2)] [*] dziala
[Fri Jun  5 13:53:54.492 2009] 0.001 sec [all/2/rel 3 (2,2)] [*] dziala
[Fri Jun  5 14:00:48.408 2009] 0.289 sec [all/2/rel 3 (2,2)] [*] dziala
[Fri Jun  5 14:01:19.212 2009] 0.000 sec [all/2/rel 3 (2,2)] [*] dziala
[Fri Jun  5 14:01:23.562 2009] 0.001 sec [all/2/rel 3 (0,2)] [*] dziala
[Fri Jun  5 14:04:21.650 2009] 0.001 sec [all/2/rel 2 (0,2)] [*] chyba3
[Fri Jun  5 14:06:07.525 2009] 0.000 sec [all/2/rel 2 (0,2)] [*] chyba3
[Fri Jun  5 14:06:44.798 2009] 0.000 sec [scan/2/rel 3 (0,2)] [*] 
[Fri Jun  5 14:06:47.777 2009] 0.000 sec [scan/2/rel 3 (2,2)] [*] 
[Fri Jun  5 14:06:49.574 2009] 0.000 sec [scan/2/rel 3 (0,2)] [*] 
[Fri Jun  5 14:29:04.259 2009] 0.000 sec [all/2/rel 3 (0,2)] [*] dziala
[Fri Jun  5 14:38:40.653 2009] 0.000 sec [all/2/rel 2 (0,2)] [*] chyba3
[Fri Jun  5 14:38:43.959 2009] 0.000 sec [scan/2/rel 3 (0,2)] [*] 
[Fri Jun  5 14:38:53.704 2009] 0.000 sec [scan/2/rel 3 (0,2)] [*] 
[Fri Jun  5 14:49:52.515 2009] 0.000 sec [scan/2/rel 3 (0,2)] [*] 
[Fri Jun  5 14:52:18.531 2009] 0.000 sec [scan/2/rel 3 (0,2)] [*] 
[Fri Jun  5 15:54:02.284 2009] 0.000 sec [scan/2/rel 3 (0,2)] [*] 
[Fri Jun  5 15:54:11.367 2009] 0.000 sec [all/2/rel 0 (0,2)] [*] abażur
[Fri Jun  5 15:54:22.229 2009] 0.000 sec [all/2/rel 0 (0,2)] [*] abazur
[Fri Jun  5 15:54:55.582 2009] 0.000 sec [all/2/rel 0 (0,2)] [*] abazyj
[Fri Jun  5 15:55:11.430 2009] 0.000 sec [all/2/rel 0 (0,2)] [*] abandony
[Fri Jun  5 15:55:26.377 2009] 0.000 sec [all/2/rel 0 (0,2)] [*] aa
[Fri Jun  5 15:55:29.294 2009] 0.001 sec [all/2/rel 0 (0,2)] [*] aaa
[Fri Jun  5 15:57:07.182 2009] 0.001 sec [scan/2/rel 200 (0,2)] [*] 
[Fri Jun  5 15:57:17.651 2009] 0.001 sec [all/2/rel 2 (0,2)] [*] abażur
[Fri Jun  5 15:57:36.098 2009] 0.001 sec [all/2/rel 1 (0,2)] [*] abażurek
[Fri Jun  5 15:57:58.160 2009] 0.001 sec [all/2/rel 1 (0,2)] [*] abażurek
[Fri Jun  5 15:58:38.663 2009] 0.001 sec [all/2/rel 1 (0,2)] [*] abażurek
[Fri Jun  5 15:58:40.512 2009] 0.001 sec [all/2/rel 1 (0,2)] [*] abażurek
[Fri Jun  5 15:59:19.511 2009] 0.001 sec [all/2/rel 1 (0,2)] [*] abażurek
[Fri Jun  5 15:59:20.724 2009] 0.002 sec [all/2/rel 1 (0,2)] [*] abażurek
[Fri Jun  5 15:59:36.588 2009] 0.001 sec [all/2/rel 1 (0,2)] [*] abażurek
[Fri Jun  5 15:59:37.841 2009] 0.001 sec [all/2/rel 1 (0,2)] [*] abażurek
[Fri Jun  5 15:59:43.164 2009] 0.001 sec [scan/2/rel 200 (0,2)] [*] 
[Fri Jun  5 16:00:51.281 2009] 0.001 sec [scan/2/rel 200 (0,2)] [*] 
[Fri Jun  5 16:02:27.063 2009] 0.001 sec [scan/2/rel 200 (0,2)] [*] 
[Fri Jun  5 16:02:33.539 2009] 0.001 sec [scan/2/rel 200 (0,2)] [*] 
[Fri Jun  5 16:02:49.108 2009] 0.001 sec [scan/2/rel 200 (0,2)] [*] 
[Fri Jun  5 16:03:27.538 2009] 0.001 sec [scan/2/rel 200 (0,2)] [*] 
[Fri Jun  5 16:03:30.830 2009] 0.001 sec [scan/2/rel 200 (0,2)] [*] 
[Fri Jun  5 16:03:40.730 2009] 0.001 sec [scan/2/rel 200 (0,2)] [*] 
[Fri Jun  5 16:03:52.151 2009] 0.001 sec [all/2/rel 2 (0,2)] [*] abażur
