

Processing DicsController#index (for 77.65.54.204 at 2009-06-09 11:28:22) [GET]

ActiveRecord::StatementInvalid (Mysql::Error: Table 'my_1326.dics' doesn't exist: SELECT * FROM `dics` ):
  app/controllers/dics_controller.rb:7:in `index'
  /var/lib/gems/1.8/gems/thin-1.2.2/lib/thin/connection.rb:76:in `pre_process'
  /var/lib/gems/1.8/gems/thin-1.2.2/lib/thin/connection.rb:74:in `catch'
  /var/lib/gems/1.8/gems/thin-1.2.2/lib/thin/connection.rb:74:in `pre_process'
  /var/lib/gems/1.8/gems/thin-1.2.2/lib/thin/connection.rb:57:in `process'
  /var/lib/gems/1.8/gems/thin-1.2.2/lib/thin/connection.rb:42:in `receive_data'
  /var/lib/gems/1.8/gems/eventmachine-0.12.8/lib/eventmachine.rb:242:in `run_machine'
  /var/lib/gems/1.8/gems/eventmachine-0.12.8/lib/eventmachine.rb:242:in `run'
  /var/lib/gems/1.8/gems/thin-1.2.2/lib/thin/backends/base.rb:57:in `start'
  /var/lib/gems/1.8/gems/thin-1.2.2/lib/thin/server.rb:156:in `start'
  /var/lib/gems/1.8/gems/thin-1.2.2/lib/thin/controllers/controller.rb:80:in `start'
  /var/lib/gems/1.8/gems/thin-1.2.2/lib/thin/runner.rb:174:in `send'
  /var/lib/gems/1.8/gems/thin-1.2.2/lib/thin/runner.rb:174:in `run_command'
  /var/lib/gems/1.8/gems/thin-1.2.2/lib/thin/runner.rb:140:in `run!'
  /var/lib/gems/1.8/gems/thin-1.2.2/bin/thin:6
  /var/lib/gems/1.8/bin/thin:19:in `load'
  /var/lib/gems/1.8/bin/thin:19

Rendering /home/mnowakowski/www/slowny.pl/releases/20090609092726/public/500.html (500 Internal Server Error)


Processing DicsController#index (for 77.65.54.204 at 2009-06-09 11:28:24) [GET]

ActiveRecord::StatementInvalid (Mysql::Error: Table 'my_1326.dics' doesn't exist: SELECT * FROM `dics` ):
  app/controllers/dics_controller.rb:7:in `index'
  /var/lib/gems/1.8/gems/thin-1.2.2/lib/thin/connection.rb:76:in `pre_process'
  /var/lib/gems/1.8/gems/thin-1.2.2/lib/thin/connection.rb:74:in `catch'
  /var/lib/gems/1.8/gems/thin-1.2.2/lib/thin/connection.rb:74:in `pre_process'
  /var/lib/gems/1.8/gems/thin-1.2.2/lib/thin/connection.rb:57:in `process'
  /var/lib/gems/1.8/gems/thin-1.2.2/lib/thin/connection.rb:42:in `receive_data'
  /var/lib/gems/1.8/gems/eventmachine-0.12.8/lib/eventmachine.rb:242:in `run_machine'
  /var/lib/gems/1.8/gems/eventmachine-0.12.8/lib/eventmachine.rb:242:in `run'
  /var/lib/gems/1.8/gems/thin-1.2.2/lib/thin/backends/base.rb:57:in `start'
  /var/lib/gems/1.8/gems/thin-1.2.2/lib/thin/server.rb:156:in `start'
  /var/lib/gems/1.8/gems/thin-1.2.2/lib/thin/controllers/controller.rb:80:in `start'
  /var/lib/gems/1.8/gems/thin-1.2.2/lib/thin/runner.rb:174:in `send'
  /var/lib/gems/1.8/gems/thin-1.2.2/lib/thin/runner.rb:174:in `run_command'
  /var/lib/gems/1.8/gems/thin-1.2.2/lib/thin/runner.rb:140:in `run!'
  /var/lib/gems/1.8/gems/thin-1.2.2/bin/thin:6
  /var/lib/gems/1.8/bin/thin:19:in `load'
  /var/lib/gems/1.8/bin/thin:19

Rendering /home/mnowakowski/www/slowny.pl/releases/20090609092726/public/500.html (500 Internal Server Error)


Processing DicsController#index (for 77.65.54.204 at 2009-06-09 11:28:57) [GET]

NoMethodError (undefined method `options' for nil:NilClass):
  app/controllers/dics_controller.rb:8:in `index'
  /var/lib/gems/1.8/gems/thin-1.2.2/lib/thin/connection.rb:76:in `pre_process'
  /var/lib/gems/1.8/gems/thin-1.2.2/lib/thin/connection.rb:74:in `catch'
  /var/lib/gems/1.8/gems/thin-1.2.2/lib/thin/connection.rb:74:in `pre_process'
  /var/lib/gems/1.8/gems/thin-1.2.2/lib/thin/connection.rb:57:in `process'
  /var/lib/gems/1.8/gems/thin-1.2.2/lib/thin/connection.rb:42:in `receive_data'
  /var/lib/gems/1.8/gems/eventmachine-0.12.8/lib/eventmachine.rb:242:in `run_machine'
  /var/lib/gems/1.8/gems/eventmachine-0.12.8/lib/eventmachine.rb:242:in `run'
  /var/lib/gems/1.8/gems/thin-1.2.2/lib/thin/backends/base.rb:57:in `start'
  /var/lib/gems/1.8/gems/thin-1.2.2/lib/thin/server.rb:156:in `start'
  /var/lib/gems/1.8/gems/thin-1.2.2/lib/thin/controllers/controller.rb:80:in `start'
  /var/lib/gems/1.8/gems/thin-1.2.2/lib/thin/runner.rb:174:in `send'
  /var/lib/gems/1.8/gems/thin-1.2.2/lib/thin/runner.rb:174:in `run_command'
  /var/lib/gems/1.8/gems/thin-1.2.2/lib/thin/runner.rb:140:in `run!'
  /var/lib/gems/1.8/gems/thin-1.2.2/bin/thin:6
  /var/lib/gems/1.8/bin/thin:19:in `load'
  /var/lib/gems/1.8/bin/thin:19

Rendering /home/mnowakowski/www/slowny.pl/releases/20090609092726/public/500.html (500 Internal Server Error)


Processing DicsController#index (for 77.65.54.204 at 2009-06-09 11:28:58) [GET]

NoMethodError (undefined method `options' for nil:NilClass):
  app/controllers/dics_controller.rb:8:in `index'
  /var/lib/gems/1.8/gems/thin-1.2.2/lib/thin/connection.rb:76:in `pre_process'
  /var/lib/gems/1.8/gems/thin-1.2.2/lib/thin/connection.rb:74:in `catch'
  /var/lib/gems/1.8/gems/thin-1.2.2/lib/thin/connection.rb:74:in `pre_process'
  /var/lib/gems/1.8/gems/thin-1.2.2/lib/thin/connection.rb:57:in `process'
  /var/lib/gems/1.8/gems/thin-1.2.2/lib/thin/connection.rb:42:in `receive_data'
  /var/lib/gems/1.8/gems/eventmachine-0.12.8/lib/eventmachine.rb:242:in `run_machine'
  /var/lib/gems/1.8/gems/eventmachine-0.12.8/lib/eventmachine.rb:242:in `run'
  /var/lib/gems/1.8/gems/thin-1.2.2/lib/thin/backends/base.rb:57:in `start'
  /var/lib/gems/1.8/gems/thin-1.2.2/lib/thin/server.rb:156:in `start'
  /var/lib/gems/1.8/gems/thin-1.2.2/lib/thin/controllers/controller.rb:80:in `start'
  /var/lib/gems/1.8/gems/thin-1.2.2/lib/thin/runner.rb:174:in `send'
  /var/lib/gems/1.8/gems/thin-1.2.2/lib/thin/runner.rb:174:in `run_command'
  /var/lib/gems/1.8/gems/thin-1.2.2/lib/thin/runner.rb:140:in `run!'
  /var/lib/gems/1.8/gems/thin-1.2.2/bin/thin:6
  /var/lib/gems/1.8/bin/thin:19:in `load'
  /var/lib/gems/1.8/bin/thin:19

Rendering /home/mnowakowski/www/slowny.pl/releases/20090609092726/public/500.html (500 Internal Server Error)


Processing DicsController#index (for 77.65.54.204 at 2009-06-09 11:30:18) [GET]

NoMethodError (undefined method `options' for nil:NilClass):
  app/controllers/dics_controller.rb:8:in `index'
  /var/lib/gems/1.8/gems/thin-1.2.2/lib/thin/connection.rb:76:in `pre_process'
  /var/lib/gems/1.8/gems/thin-1.2.2/lib/thin/connection.rb:74:in `catch'
  /var/lib/gems/1.8/gems/thin-1.2.2/lib/thin/connection.rb:74:in `pre_process'
  /var/lib/gems/1.8/gems/thin-1.2.2/lib/thin/connection.rb:57:in `process'
  /var/lib/gems/1.8/gems/thin-1.2.2/lib/thin/connection.rb:42:in `receive_data'
  /var/lib/gems/1.8/gems/eventmachine-0.12.8/lib/eventmachine.rb:242:in `run_machine'
  /var/lib/gems/1.8/gems/eventmachine-0.12.8/lib/eventmachine.rb:242:in `run'
  /var/lib/gems/1.8/gems/thin-1.2.2/lib/thin/backends/base.rb:57:in `start'
  /var/lib/gems/1.8/gems/thin-1.2.2/lib/thin/server.rb:156:in `start'
  /var/lib/gems/1.8/gems/thin-1.2.2/lib/thin/controllers/controller.rb:80:in `start'
  /var/lib/gems/1.8/gems/thin-1.2.2/lib/thin/runner.rb:174:in `send'
  /var/lib/gems/1.8/gems/thin-1.2.2/lib/thin/runner.rb:174:in `run_command'
  /var/lib/gems/1.8/gems/thin-1.2.2/lib/thin/runner.rb:140:in `run!'
  /var/lib/gems/1.8/gems/thin-1.2.2/bin/thin:6
  /var/lib/gems/1.8/bin/thin:19:in `load'
  /var/lib/gems/1.8/bin/thin:19

Rendering /home/mnowakowski/www/slowny.pl/releases/20090609092726/public/500.html (500 Internal Server Error)


Processing DicsController#index (for 77.65.54.204 at 2009-06-09 11:30:19) [GET]

NoMethodError (undefined method `options' for nil:NilClass):
  app/controllers/dics_controller.rb:8:in `index'
  /var/lib/gems/1.8/gems/thin-1.2.2/lib/thin/connection.rb:76:in `pre_process'
  /var/lib/gems/1.8/gems/thin-1.2.2/lib/thin/connection.rb:74:in `catch'
  /var/lib/gems/1.8/gems/thin-1.2.2/lib/thin/connection.rb:74:in `pre_process'
  /var/lib/gems/1.8/gems/thin-1.2.2/lib/thin/connection.rb:57:in `process'
  /var/lib/gems/1.8/gems/thin-1.2.2/lib/thin/connection.rb:42:in `receive_data'
  /var/lib/gems/1.8/gems/eventmachine-0.12.8/lib/eventmachine.rb:242:in `run_machine'
  /var/lib/gems/1.8/gems/eventmachine-0.12.8/lib/eventmachine.rb:242:in `run'
  /var/lib/gems/1.8/gems/thin-1.2.2/lib/thin/backends/base.rb:57:in `start'
  /var/lib/gems/1.8/gems/thin-1.2.2/lib/thin/server.rb:156:in `start'
  /var/lib/gems/1.8/gems/thin-1.2.2/lib/thin/controllers/controller.rb:80:in `start'
  /var/lib/gems/1.8/gems/thin-1.2.2/lib/thin/runner.rb:174:in `send'
  /var/lib/gems/1.8/gems/thin-1.2.2/lib/thin/runner.rb:174:in `run_command'
  /var/lib/gems/1.8/gems/thin-1.2.2/lib/thin/runner.rb:140:in `run!'
  /var/lib/gems/1.8/gems/thin-1.2.2/bin/thin:6
  /var/lib/gems/1.8/bin/thin:19:in `load'
  /var/lib/gems/1.8/bin/thin:19

Rendering /home/mnowakowski/www/slowny.pl/releases/20090609092726/public/500.html (500 Internal Server Error)
